=== Debug Log === 
17:21:36 - amd64
17:21:36 - Oracle Corporation
17:21:36 - 1.7.0
17:21:36 - lib\core.jar;lib\serial.jar;lib\RXTXcomm.jar;lib\CC3000SensorAppGUI.jar
17:21:36 - C:\Program Files\Java\jre7\lib\ext;C:\Windows\Sun\Java\lib\ext
17:21:36 - C:\Program Files\Java\jre7
=== Debug Log === 
17:22:43 - x86
17:22:43 - Sun Microsystems Inc.
17:22:43 - 1.6.0_15
17:22:43 - lib\core.jar;lib\serial.jar;lib\RXTXcomm.jar;lib\CC3000SensorAppGUI.jar
17:22:43 - E:\Data\Teaching\05 - Msht\Bachelor\Lab\Materiali_Za_Kursa_2015\MSHT_LAB\04_tools\CC3000_FRAM_Sensor_Application\jre\lib\ext;C:\Windows\Sun\Java\lib\ext
17:22:43 - E:\Data\Teaching\05 - Msht\Bachelor\Lab\Materiali_Za_Kursa_2015\MSHT_LAB\04_tools\CC3000_FRAM_Sensor_Application\jre
=== Debug Log === 
17:23:30 - x86
17:23:30 - Sun Microsystems Inc.
17:23:30 - 1.6.0_15
17:23:30 - lib\core.jar;lib\serial.jar;lib\RXTXcomm.jar;lib\CC3000SensorAppGUI.jar
17:23:30 - E:\Data\Teaching\05 - Msht\Bachelor\Lab\Materiali_Za_Kursa_2015\MSHT_LAB\04_tools\CC3000_FRAM_Sensor_Application\jre\lib\ext;C:\Windows\Sun\Java\lib\ext
17:23:30 - E:\Data\Teaching\05 - Msht\Bachelor\Lab\Materiali_Za_Kursa_2015\MSHT_LAB\04_tools\CC3000_FRAM_Sensor_Application\jre
=== Debug Log === 
18:25:28 - x86
18:25:28 - Sun Microsystems Inc.
18:25:28 - 1.6.0_15
18:25:28 - lib\core.jar;lib\serial.jar;lib\RXTXcomm.jar;lib\CC3000SensorAppGUI.jar
18:25:28 - E:\Data\Teaching\05 - Msht\Bachelor\Lab\Materiali_Za_Kursa_2015\MSHT_LAB\04_tools\CC3000_FRAM_Sensor_Application\jre\lib\ext;C:\Windows\Sun\Java\lib\ext
18:25:28 - E:\Data\Teaching\05 - Msht\Bachelor\Lab\Materiali_Za_Kursa_2015\MSHT_LAB\04_tools\CC3000_FRAM_Sensor_Application\jre
=== Debug Log === 
12:50:30 - x86
12:50:30 - Sun Microsystems Inc.
12:50:30 - 1.6.0_15
12:50:30 - lib\core.jar;lib\serial.jar;lib\RXTXcomm.jar;lib\CC3000SensorAppGUI.jar
12:50:30 - d:\Users\Administrator\Desktop\MSHT_LAB\04_tools\CC3000_FRAM_Sensor_Application\jre\lib\ext;C:\Windows\Sun\Java\lib\ext
12:50:30 - d:\Users\Administrator\Desktop\MSHT_LAB\04_tools\CC3000_FRAM_Sensor_Application\jre
=== Debug Log === 
20:30:12 - x86
20:30:12 - Sun Microsystems Inc.
20:30:12 - 1.6.0_15
20:30:12 - lib\core.jar;lib\serial.jar;lib\RXTXcomm.jar;lib\CC3000SensorAppGUI.jar
20:30:12 - E:\Data\TU-Sofia\Teaching\05 - Msht\Bachelor\Lab\Materiali_Za_Kursa_2018\MSP430FR6989\MSHT_LAB_old\MSHT_LAB_2017_2\04_tools\CC3000_FRAM_Sensor_Application\jre\lib\ext;C:\Windows\Sun\Java\lib\ext
20:30:12 - E:\Data\TU-Sofia\Teaching\05 - Msht\Bachelor\Lab\Materiali_Za_Kursa_2018\MSP430FR6989\MSHT_LAB_old\MSHT_LAB_2017_2\04_tools\CC3000_FRAM_Sensor_Application\jre
=== Debug Log === 
20:33:8 - x86
20:33:8 - Sun Microsystems Inc.
20:33:8 - 1.6.0_15
20:33:8 - lib\core.jar;lib\serial.jar;lib\RXTXcomm.jar;lib\CC3000SensorAppGUI.jar
20:33:8 - E:\Data\TU-Sofia\Teaching\05 - Msht\Bachelor\Lab\Materiali_Za_Kursa_2018\MSP430FR6989\MSHT_LAB_old\MSHT_LAB_2017_2\04_tools\CC3000_FRAM_Sensor_Application\jre\lib\ext;C:\Windows\Sun\Java\lib\ext
20:33:8 - E:\Data\TU-Sofia\Teaching\05 - Msht\Bachelor\Lab\Materiali_Za_Kursa_2018\MSP430FR6989\MSHT_LAB_old\MSHT_LAB_2017_2\04_tools\CC3000_FRAM_Sensor_Application\jre
=== Debug Log === 
20:34:10 - x86
20:34:10 - Sun Microsystems Inc.
20:34:10 - 1.6.0_15
20:34:10 - lib\core.jar;lib\serial.jar;lib\RXTXcomm.jar;lib\CC3000SensorAppGUI.jar
20:34:10 - E:\Data\TU-Sofia\Teaching\05 - Msht\Bachelor\Lab\Materiali_Za_Kursa_2018\MSP430FR6989\MSHT_LAB_old\MSHT_LAB_2017_2\04_tools\CC3000_FRAM_Sensor_Application\jre\lib\ext;C:\Windows\Sun\Java\lib\ext
20:34:10 - E:\Data\TU-Sofia\Teaching\05 - Msht\Bachelor\Lab\Materiali_Za_Kursa_2018\MSP430FR6989\MSHT_LAB_old\MSHT_LAB_2017_2\04_tools\CC3000_FRAM_Sensor_Application\jre
=== Debug Log === 
20:35:4 - x86
20:35:4 - Sun Microsystems Inc.
20:35:4 - 1.6.0_15
20:35:4 - lib\core.jar;lib\serial.jar;lib\RXTXcomm.jar;lib\CC3000SensorAppGUI.jar
20:35:4 - E:\Data\TU-Sofia\Teaching\05 - Msht\Bachelor\Lab\Materiali_Za_Kursa_2018\MSP430FR6989\MSHT_LAB_old\MSHT_LAB_2017_2\04_tools\CC3000_FRAM_Sensor_Application\jre\lib\ext;C:\Windows\Sun\Java\lib\ext
20:35:4 - E:\Data\TU-Sofia\Teaching\05 - Msht\Bachelor\Lab\Materiali_Za_Kursa_2018\MSP430FR6989\MSHT_LAB_old\MSHT_LAB_2017_2\04_tools\CC3000_FRAM_Sensor_Application\jre
=== Debug Log === 
20:38:6 - x86
20:38:6 - Sun Microsystems Inc.
20:38:6 - 1.6.0_15
20:38:6 - lib\core.jar;lib\serial.jar;lib\RXTXcomm.jar;lib\CC3000SensorAppGUI.jar
20:38:6 - E:\Data\TU-Sofia\Teaching\05 - Msht\Bachelor\Lab\Materiali_Za_Kursa_2018\MSP430FR6989\MSHT_LAB_old\MSHT_LAB_2017_2\04_tools\CC3000_FRAM_Sensor_Application\jre\lib\ext;C:\Windows\Sun\Java\lib\ext
20:38:6 - E:\Data\TU-Sofia\Teaching\05 - Msht\Bachelor\Lab\Materiali_Za_Kursa_2018\MSP430FR6989\MSHT_LAB_old\MSHT_LAB_2017_2\04_tools\CC3000_FRAM_Sensor_Application\jre
=== Debug Log === 
20:41:58 - x86
20:41:58 - Sun Microsystems Inc.
20:41:58 - 1.6.0_15
20:41:58 - lib\core.jar;lib\serial.jar;lib\RXTXcomm.jar;lib\CC3000SensorAppGUI.jar
20:41:58 - E:\Data\TU-Sofia\Teaching\05 - Msht\Bachelor\Lab\Materiali_Za_Kursa_2018\MSP430FR6989\MSHT_LAB_old\MSHT_LAB_2017_2\04_tools\CC3000_FRAM_Sensor_Application\jre\lib\ext;C:\Windows\Sun\Java\lib\ext
20:41:58 - E:\Data\TU-Sofia\Teaching\05 - Msht\Bachelor\Lab\Materiali_Za_Kursa_2018\MSP430FR6989\MSHT_LAB_old\MSHT_LAB_2017_2\04_tools\CC3000_FRAM_Sensor_Application\jre
=== Debug Log === 
20:44:51 - x86
20:44:51 - Sun Microsystems Inc.
20:44:51 - 1.6.0_15
20:44:51 - lib\core.jar;lib\serial.jar;lib\RXTXcomm.jar;lib\CC3000SensorAppGUI.jar
20:44:51 - E:\Data\TU-Sofia\Teaching\05 - Msht\Bachelor\Lab\Materiali_Za_Kursa_2018\MSP430FR6989\MSHT_LAB_old\MSHT_LAB_2017_2\04_tools\CC3000_FRAM_Sensor_Application\jre\lib\ext;C:\Windows\Sun\Java\lib\ext
20:44:51 - E:\Data\TU-Sofia\Teaching\05 - Msht\Bachelor\Lab\Materiali_Za_Kursa_2018\MSP430FR6989\MSHT_LAB_old\MSHT_LAB_2017_2\04_tools\CC3000_FRAM_Sensor_Application\jre
=== Debug Log === 
20:48:4 - x86
20:48:4 - Sun Microsystems Inc.
20:48:4 - 1.6.0_15
20:48:4 - lib\core.jar;lib\serial.jar;lib\RXTXcomm.jar;lib\CC3000SensorAppGUI.jar
20:48:4 - E:\Data\TU-Sofia\Teaching\05 - Msht\Bachelor\Lab\Materiali_Za_Kursa_2018\MSP430FR6989\MSHT_LAB_old\MSHT_LAB_2017_2\04_tools\CC3000_FRAM_Sensor_Application\jre\lib\ext;C:\Windows\Sun\Java\lib\ext
20:48:4 - E:\Data\TU-Sofia\Teaching\05 - Msht\Bachelor\Lab\Materiali_Za_Kursa_2018\MSP430FR6989\MSHT_LAB_old\MSHT_LAB_2017_2\04_tools\CC3000_FRAM_Sensor_Application\jre
=== Debug Log === 
20:49:12 - x86
20:49:12 - Sun Microsystems Inc.
20:49:12 - 1.6.0_15
20:49:12 - lib\core.jar;lib\serial.jar;lib\RXTXcomm.jar;lib\CC3000SensorAppGUI.jar
20:49:12 - E:\Data\TU-Sofia\Teaching\05 - Msht\Bachelor\Lab\Materiali_Za_Kursa_2018\MSP430FR6989\MSHT_LAB_old\MSHT_LAB_2017_2\04_tools\CC3000_FRAM_Sensor_Application\jre\lib\ext;C:\Windows\Sun\Java\lib\ext
20:49:12 - E:\Data\TU-Sofia\Teaching\05 - Msht\Bachelor\Lab\Materiali_Za_Kursa_2018\MSP430FR6989\MSHT_LAB_old\MSHT_LAB_2017_2\04_tools\CC3000_FRAM_Sensor_Application\jre
=== Debug Log === 
20:50:31 - x86
20:50:31 - Sun Microsystems Inc.
20:50:31 - 1.6.0_15
20:50:31 - lib\core.jar;lib\serial.jar;lib\RXTXcomm.jar;lib\CC3000SensorAppGUI.jar
20:50:31 - E:\Data\TU-Sofia\Teaching\05 - Msht\Bachelor\Lab\Materiali_Za_Kursa_2018\MSP430FR6989\MSHT_LAB_old\MSHT_LAB_2017_2\04_tools\CC3000_FRAM_Sensor_Application\jre\lib\ext;C:\Windows\Sun\Java\lib\ext
20:50:31 - E:\Data\TU-Sofia\Teaching\05 - Msht\Bachelor\Lab\Materiali_Za_Kursa_2018\MSP430FR6989\MSHT_LAB_old\MSHT_LAB_2017_2\04_tools\CC3000_FRAM_Sensor_Application\jre
=== Debug Log === 
20:53:20 - x86
20:53:20 - Sun Microsystems Inc.
20:53:20 - 1.6.0_15
20:53:20 - lib\core.jar;lib\serial.jar;lib\RXTXcomm.jar;lib\CC3000SensorAppGUI.jar
20:53:20 - E:\Data\TU-Sofia\Teaching\05 - Msht\Bachelor\Lab\Materiali_Za_Kursa_2018\MSP430FR6989\MSHT_LAB_old\MSHT_LAB_2017_2\04_tools\CC3000_FRAM_Sensor_Application\jre\lib\ext;C:\Windows\Sun\Java\lib\ext
20:53:20 - E:\Data\TU-Sofia\Teaching\05 - Msht\Bachelor\Lab\Materiali_Za_Kursa_2018\MSP430FR6989\MSHT_LAB_old\MSHT_LAB_2017_2\04_tools\CC3000_FRAM_Sensor_Application\jre
=== Debug Log === 
20:54:26 - x86
20:54:26 - Sun Microsystems Inc.
20:54:26 - 1.6.0_15
20:54:26 - lib\core.jar;lib\serial.jar;lib\RXTXcomm.jar;lib\CC3000SensorAppGUI.jar
20:54:26 - E:\Data\TU-Sofia\Teaching\05 - Msht\Bachelor\Lab\Materiali_Za_Kursa_2018\MSP430FR6989\MSHT_LAB_old\MSHT_LAB_2017_2\04_tools\CC3000_FRAM_Sensor_Application\jre\lib\ext;C:\Windows\Sun\Java\lib\ext
20:54:26 - E:\Data\TU-Sofia\Teaching\05 - Msht\Bachelor\Lab\Materiali_Za_Kursa_2018\MSP430FR6989\MSHT_LAB_old\MSHT_LAB_2017_2\04_tools\CC3000_FRAM_Sensor_Application\jre
=== Debug Log === 
20:55:55 - x86
20:55:55 - Sun Microsystems Inc.
20:55:55 - 1.6.0_15
20:55:55 - lib\core.jar;lib\serial.jar;lib\RXTXcomm.jar;lib\CC3000SensorAppGUI.jar
20:55:55 - E:\Data\TU-Sofia\Teaching\05 - Msht\Bachelor\Lab\Materiali_Za_Kursa_2018\MSP430FR6989\MSHT_LAB_old\MSHT_LAB_2017_2\04_tools\CC3000_FRAM_Sensor_Application\jre\lib\ext;C:\Windows\Sun\Java\lib\ext
20:55:55 - E:\Data\TU-Sofia\Teaching\05 - Msht\Bachelor\Lab\Materiali_Za_Kursa_2018\MSP430FR6989\MSHT_LAB_old\MSHT_LAB_2017_2\04_tools\CC3000_FRAM_Sensor_Application\jre
=== Debug Log === 
21:0:30 - x86
21:0:30 - Sun Microsystems Inc.
21:0:30 - 1.6.0_15
21:0:30 - lib\core.jar;lib\serial.jar;lib\RXTXcomm.jar;lib\CC3000SensorAppGUI.jar
21:0:30 - E:\Data\TU-Sofia\Teaching\05 - Msht\Bachelor\Lab\Materiali_Za_Kursa_2018\MSP430FR6989\MSHT_LAB_old\MSHT_LAB_2017_2\04_tools\CC3000_FRAM_Sensor_Application\jre\lib\ext;C:\Windows\Sun\Java\lib\ext
21:0:30 - E:\Data\TU-Sofia\Teaching\05 - Msht\Bachelor\Lab\Materiali_Za_Kursa_2018\MSP430FR6989\MSHT_LAB_old\MSHT_LAB_2017_2\04_tools\CC3000_FRAM_Sensor_Application\jre
=== Debug Log === 
21:1:43 - x86
21:1:43 - Sun Microsystems Inc.
21:1:43 - 1.6.0_15
21:1:43 - lib\core.jar;lib\serial.jar;lib\RXTXcomm.jar;lib\CC3000SensorAppGUI.jar
21:1:43 - E:\Data\TU-Sofia\Teaching\05 - Msht\Bachelor\Lab\Materiali_Za_Kursa_2018\MSP430FR6989\MSHT_LAB_old\MSHT_LAB_2017_2\04_tools\CC3000_FRAM_Sensor_Application\jre\lib\ext;C:\Windows\Sun\Java\lib\ext
21:1:43 - E:\Data\TU-Sofia\Teaching\05 - Msht\Bachelor\Lab\Materiali_Za_Kursa_2018\MSP430FR6989\MSHT_LAB_old\MSHT_LAB_2017_2\04_tools\CC3000_FRAM_Sensor_Application\jre
=== Debug Log === 
21:5:4 - x86
21:5:4 - Sun Microsystems Inc.
21:5:4 - 1.6.0_15
21:5:4 - lib\core.jar;lib\serial.jar;lib\RXTXcomm.jar;lib\CC3000SensorAppGUI.jar
21:5:4 - E:\Data\TU-Sofia\Teaching\05 - Msht\Bachelor\Lab\Materiali_Za_Kursa_2018\MSP430FR6989\MSHT_LAB_old\MSHT_LAB_2017_2\04_tools\CC3000_FRAM_Sensor_Application\jre\lib\ext;C:\Windows\Sun\Java\lib\ext
21:5:4 - E:\Data\TU-Sofia\Teaching\05 - Msht\Bachelor\Lab\Materiali_Za_Kursa_2018\MSP430FR6989\MSHT_LAB_old\MSHT_LAB_2017_2\04_tools\CC3000_FRAM_Sensor_Application\jre
=== Debug Log === 
21:6:41 - x86
21:6:41 - Sun Microsystems Inc.
21:6:41 - 1.6.0_15
21:6:41 - lib\core.jar;lib\serial.jar;lib\RXTXcomm.jar;lib\CC3000SensorAppGUI.jar
21:6:41 - E:\Data\TU-Sofia\Teaching\05 - Msht\Bachelor\Lab\Materiali_Za_Kursa_2018\MSP430FR6989\MSHT_LAB_old\MSHT_LAB_2017_2\04_tools\CC3000_FRAM_Sensor_Application\jre\lib\ext;C:\Windows\Sun\Java\lib\ext
21:6:41 - E:\Data\TU-Sofia\Teaching\05 - Msht\Bachelor\Lab\Materiali_Za_Kursa_2018\MSP430FR6989\MSHT_LAB_old\MSHT_LAB_2017_2\04_tools\CC3000_FRAM_Sensor_Application\jre
=== Debug Log === 
21:9:25 - x86
21:9:25 - Sun Microsystems Inc.
21:9:25 - 1.6.0_15
21:9:25 - lib\core.jar;lib\serial.jar;lib\RXTXcomm.jar;lib\CC3000SensorAppGUI.jar
21:9:25 - E:\Data\TU-Sofia\Teaching\05 - Msht\Bachelor\Lab\Materiali_Za_Kursa_2018\MSP430FR6989\MSHT_LAB_old\MSHT_LAB_2017_2\04_tools\CC3000_FRAM_Sensor_Application\jre\lib\ext;C:\Windows\Sun\Java\lib\ext
21:9:25 - E:\Data\TU-Sofia\Teaching\05 - Msht\Bachelor\Lab\Materiali_Za_Kursa_2018\MSP430FR6989\MSHT_LAB_old\MSHT_LAB_2017_2\04_tools\CC3000_FRAM_Sensor_Application\jre
=== Debug Log === 
21:9:48 - x86
21:9:48 - Sun Microsystems Inc.
21:9:48 - 1.6.0_15
21:9:48 - lib\core.jar;lib\serial.jar;lib\RXTXcomm.jar;lib\CC3000SensorAppGUI.jar
21:9:48 - E:\Data\TU-Sofia\Teaching\05 - Msht\Bachelor\Lab\Materiali_Za_Kursa_2018\MSP430FR6989\MSHT_LAB_old\MSHT_LAB_2017_2\04_tools\CC3000_FRAM_Sensor_Application\jre\lib\ext;C:\Windows\Sun\Java\lib\ext
21:9:48 - E:\Data\TU-Sofia\Teaching\05 - Msht\Bachelor\Lab\Materiali_Za_Kursa_2018\MSP430FR6989\MSHT_LAB_old\MSHT_LAB_2017_2\04_tools\CC3000_FRAM_Sensor_Application\jre
=== Debug Log === 
21:21:25 - x86
21:21:25 - Sun Microsystems Inc.
21:21:25 - 1.6.0_15
21:21:25 - lib\core.jar;lib\serial.jar;lib\RXTXcomm.jar;lib\CC3000SensorAppGUI.jar
21:21:25 - E:\Data\TU-Sofia\Teaching\05 - Msht\Bachelor\Lab\Materiali_Za_Kursa_2018\MSP430FR6989\MSHT_LAB_old\MSHT_LAB_2017_2\04_tools\CC3000_FRAM_Sensor_Application\jre\lib\ext;C:\Windows\Sun\Java\lib\ext
21:21:25 - E:\Data\TU-Sofia\Teaching\05 - Msht\Bachelor\Lab\Materiali_Za_Kursa_2018\MSP430FR6989\MSHT_LAB_old\MSHT_LAB_2017_2\04_tools\CC3000_FRAM_Sensor_Application\jre
=== Debug Log === 
21:24:9 - x86
21:24:9 - Sun Microsystems Inc.
21:24:9 - 1.6.0_15
21:24:9 - lib\core.jar;lib\serial.jar;lib\RXTXcomm.jar;lib\CC3000SensorAppGUI.jar
21:24:9 - E:\Data\TU-Sofia\Teaching\05 - Msht\Bachelor\Lab\Materiali_Za_Kursa_2018\MSP430FR6989\MSHT_LAB_old\MSHT_LAB_2017_2\04_tools\CC3000_FRAM_Sensor_Application\jre\lib\ext;C:\Windows\Sun\Java\lib\ext
21:24:9 - E:\Data\TU-Sofia\Teaching\05 - Msht\Bachelor\Lab\Materiali_Za_Kursa_2018\MSP430FR6989\MSHT_LAB_old\MSHT_LAB_2017_2\04_tools\CC3000_FRAM_Sensor_Application\jre
=== Debug Log === 
21:40:54 - x86
21:40:54 - Sun Microsystems Inc.
21:40:54 - 1.6.0_15
21:40:54 - lib\core.jar;lib\serial.jar;lib\RXTXcomm.jar;lib\CC3000SensorAppGUI.jar
21:40:54 - E:\Data\TU-Sofia\Teaching\05 - Msht\Bachelor\Lab\Materiali_Za_Kursa_2018\MSP430FR6989\MSHT_LAB_old\MSHT_LAB_2017_2\04_tools\CC3000_FRAM_Sensor_Application\jre\lib\ext;C:\Windows\Sun\Java\lib\ext
21:40:54 - E:\Data\TU-Sofia\Teaching\05 - Msht\Bachelor\Lab\Materiali_Za_Kursa_2018\MSP430FR6989\MSHT_LAB_old\MSHT_LAB_2017_2\04_tools\CC3000_FRAM_Sensor_Application\jre
=== Debug Log === 
21:47:16 - x86
21:47:16 - Sun Microsystems Inc.
21:47:16 - 1.6.0_15
21:47:16 - lib\core.jar;lib\serial.jar;lib\RXTXcomm.jar;lib\CC3000SensorAppGUI.jar
21:47:16 - E:\Data\TU-Sofia\Teaching\05 - Msht\Bachelor\Lab\Materiali_Za_Kursa_2018\MSP430FR6989\MSHT_LAB_old\MSHT_LAB_2017_2\04_tools\CC3000_FRAM_Sensor_Application\jre\lib\ext;C:\Windows\Sun\Java\lib\ext
21:47:16 - E:\Data\TU-Sofia\Teaching\05 - Msht\Bachelor\Lab\Materiali_Za_Kursa_2018\MSP430FR6989\MSHT_LAB_old\MSHT_LAB_2017_2\04_tools\CC3000_FRAM_Sensor_Application\jre
=== Debug Log === 
21:48:53 - x86
21:48:53 - Sun Microsystems Inc.
21:48:53 - 1.6.0_15
21:48:53 - lib\core.jar;lib\serial.jar;lib\RXTXcomm.jar;lib\CC3000SensorAppGUI.jar
21:48:53 - E:\Data\TU-Sofia\Teaching\05 - Msht\Bachelor\Lab\Materiali_Za_Kursa_2018\MSP430FR6989\MSHT_LAB_old\MSHT_LAB_2017_2\04_tools\CC3000_FRAM_Sensor_Application\jre\lib\ext;C:\Windows\Sun\Java\lib\ext
21:48:53 - E:\Data\TU-Sofia\Teaching\05 - Msht\Bachelor\Lab\Materiali_Za_Kursa_2018\MSP430FR6989\MSHT_LAB_old\MSHT_LAB_2017_2\04_tools\CC3000_FRAM_Sensor_Application\jre
=== Debug Log === 
21:49:0 - x86
21:49:0 - Sun Microsystems Inc.
21:49:1 - 1.6.0_15
21:49:1 - lib\core.jar;lib\serial.jar;lib\RXTXcomm.jar;lib\CC3000SensorAppGUI.jar
21:49:1 - E:\Data\TU-Sofia\Teaching\05 - Msht\Bachelor\Lab\Materiali_Za_Kursa_2018\MSP430FR6989\MSHT_LAB_old\MSHT_LAB_2017_2\04_tools\CC3000_FRAM_Sensor_Application\jre\lib\ext;C:\Windows\Sun\Java\lib\ext
21:49:1 - E:\Data\TU-Sofia\Teaching\05 - Msht\Bachelor\Lab\Materiali_Za_Kursa_2018\MSP430FR6989\MSHT_LAB_old\MSHT_LAB_2017_2\04_tools\CC3000_FRAM_Sensor_Application\jre
=== Debug Log === 
21:50:40 - x86
21:50:40 - Sun Microsystems Inc.
21:50:40 - 1.6.0_15
21:50:40 - lib\core.jar;lib\serial.jar;lib\RXTXcomm.jar;lib\CC3000SensorAppGUI.jar
21:50:40 - E:\Data\TU-Sofia\Teaching\05 - Msht\Bachelor\Lab\Materiali_Za_Kursa_2018\MSP430FR6989\MSHT_LAB_old\MSHT_LAB_2017_2\04_tools\CC3000_FRAM_Sensor_Application\jre\lib\ext;C:\Windows\Sun\Java\lib\ext
21:50:40 - E:\Data\TU-Sofia\Teaching\05 - Msht\Bachelor\Lab\Materiali_Za_Kursa_2018\MSP430FR6989\MSHT_LAB_old\MSHT_LAB_2017_2\04_tools\CC3000_FRAM_Sensor_Application\jre
=== Debug Log === 
22:8:59 - x86
22:8:59 - Sun Microsystems Inc.
22:8:59 - 1.6.0_15
22:8:59 - lib\core.jar;lib\serial.jar;lib\RXTXcomm.jar;lib\CC3000SensorAppGUI.jar
22:8:59 - E:\Data\TU-Sofia\Teaching\05 - Msht\Bachelor\Lab\Materiali_Za_Kursa_2018\MSP430FR6989\MSHT_LAB_old\MSHT_LAB_2017_2\04_tools\CC3000_FRAM_Sensor_Application\jre\lib\ext;C:\Windows\Sun\Java\lib\ext
22:8:59 - E:\Data\TU-Sofia\Teaching\05 - Msht\Bachelor\Lab\Materiali_Za_Kursa_2018\MSP430FR6989\MSHT_LAB_old\MSHT_LAB_2017_2\04_tools\CC3000_FRAM_Sensor_Application\jre
=== Debug Log === 
22:9:45 - x86
22:9:45 - Sun Microsystems Inc.
22:9:45 - 1.6.0_15
22:9:45 - lib\core.jar;lib\serial.jar;lib\RXTXcomm.jar;lib\CC3000SensorAppGUI.jar
22:9:45 - E:\Data\TU-Sofia\Teaching\05 - Msht\Bachelor\Lab\Materiali_Za_Kursa_2018\MSP430FR6989\MSHT_LAB_old\MSHT_LAB_2017_2\04_tools\CC3000_FRAM_Sensor_Application\jre\lib\ext;C:\Windows\Sun\Java\lib\ext
22:9:45 - E:\Data\TU-Sofia\Teaching\05 - Msht\Bachelor\Lab\Materiali_Za_Kursa_2018\MSP430FR6989\MSHT_LAB_old\MSHT_LAB_2017_2\04_tools\CC3000_FRAM_Sensor_Application\jre
=== Debug Log === 
22:18:20 - x86
22:18:20 - Sun Microsystems Inc.
22:18:20 - 1.6.0_15
22:18:20 - lib\core.jar;lib\serial.jar;lib\RXTXcomm.jar;lib\CC3000SensorAppGUI.jar
22:18:20 - E:\Data\TU-Sofia\Teaching\05 - Msht\Bachelor\Lab\Materiali_Za_Kursa_2018\MSP430FR6989\MSHT_LAB_old\MSHT_LAB_2017_2\04_tools\CC3000_FRAM_Sensor_Application\jre\lib\ext;C:\Windows\Sun\Java\lib\ext
22:18:20 - E:\Data\TU-Sofia\Teaching\05 - Msht\Bachelor\Lab\Materiali_Za_Kursa_2018\MSP430FR6989\MSHT_LAB_old\MSHT_LAB_2017_2\04_tools\CC3000_FRAM_Sensor_Application\jre
=== Debug Log === 
22:20:16 - x86
22:20:16 - Sun Microsystems Inc.
22:20:16 - 1.6.0_15
22:20:16 - lib\core.jar;lib\serial.jar;lib\RXTXcomm.jar;lib\CC3000SensorAppGUI.jar
22:20:16 - E:\Data\TU-Sofia\Teaching\05 - Msht\Bachelor\Lab\Materiali_Za_Kursa_2018\MSP430FR6989\MSHT_LAB_old\MSHT_LAB_2017_2\04_tools\CC3000_FRAM_Sensor_Application\jre\lib\ext;C:\Windows\Sun\Java\lib\ext
22:20:16 - E:\Data\TU-Sofia\Teaching\05 - Msht\Bachelor\Lab\Materiali_Za_Kursa_2018\MSP430FR6989\MSHT_LAB_old\MSHT_LAB_2017_2\04_tools\CC3000_FRAM_Sensor_Application\jre
=== Debug Log === 
22:25:38 - x86
22:25:38 - Sun Microsystems Inc.
22:25:38 - 1.6.0_15
22:25:38 - lib\core.jar;lib\serial.jar;lib\RXTXcomm.jar;lib\CC3000SensorAppGUI.jar
22:25:38 - E:\Data\TU-Sofia\Teaching\05 - Msht\Bachelor\Lab\Materiali_Za_Kursa_2018\MSP430FR6989\MSHT_LAB_old\MSHT_LAB_2017_2\04_tools\CC3000_FRAM_Sensor_Application\jre\lib\ext;C:\Windows\Sun\Java\lib\ext
22:25:38 - E:\Data\TU-Sofia\Teaching\05 - Msht\Bachelor\Lab\Materiali_Za_Kursa_2018\MSP430FR6989\MSHT_LAB_old\MSHT_LAB_2017_2\04_tools\CC3000_FRAM_Sensor_Application\jre
=== Debug Log === 
22:31:46 - x86
22:31:46 - Sun Microsystems Inc.
22:31:46 - 1.6.0_15
22:31:46 - lib\core.jar;lib\serial.jar;lib\RXTXcomm.jar;lib\CC3000SensorAppGUI.jar
22:31:46 - E:\Data\TU-Sofia\Teaching\05 - Msht\Bachelor\Lab\Materiali_Za_Kursa_2018\MSP430FR6989\MSHT_LAB_old\MSHT_LAB_2017_2\04_tools\CC3000_FRAM_Sensor_Application\jre\lib\ext;C:\Windows\Sun\Java\lib\ext
22:31:46 - E:\Data\TU-Sofia\Teaching\05 - Msht\Bachelor\Lab\Materiali_Za_Kursa_2018\MSP430FR6989\MSHT_LAB_old\MSHT_LAB_2017_2\04_tools\CC3000_FRAM_Sensor_Application\jre
=== Debug Log === 
22:33:26 - x86
22:33:26 - Sun Microsystems Inc.
22:33:26 - 1.6.0_15
22:33:26 - lib\core.jar;lib\serial.jar;lib\RXTXcomm.jar;lib\CC3000SensorAppGUI.jar
22:33:26 - E:\Data\TU-Sofia\Teaching\05 - Msht\Bachelor\Lab\Materiali_Za_Kursa_2018\MSP430FR6989\MSHT_LAB_old\MSHT_LAB_2017_2\04_tools\CC3000_FRAM_Sensor_Application\jre\lib\ext;C:\Windows\Sun\Java\lib\ext
22:33:26 - E:\Data\TU-Sofia\Teaching\05 - Msht\Bachelor\Lab\Materiali_Za_Kursa_2018\MSP430FR6989\MSHT_LAB_old\MSHT_LAB_2017_2\04_tools\CC3000_FRAM_Sensor_Application\jre
=== Debug Log === 
22:40:22 - x86
22:40:22 - Sun Microsystems Inc.
22:40:22 - 1.6.0_15
22:40:22 - lib\core.jar;lib\serial.jar;lib\RXTXcomm.jar;lib\CC3000SensorAppGUI.jar
22:40:22 - E:\Data\TU-Sofia\Teaching\05 - Msht\Bachelor\Lab\Materiali_Za_Kursa_2018\MSP430FR6989\MSHT_LAB_old\MSHT_LAB_2017_2\04_tools\CC3000_FRAM_Sensor_Application\jre\lib\ext;C:\Windows\Sun\Java\lib\ext
22:40:22 - E:\Data\TU-Sofia\Teaching\05 - Msht\Bachelor\Lab\Materiali_Za_Kursa_2018\MSP430FR6989\MSHT_LAB_old\MSHT_LAB_2017_2\04_tools\CC3000_FRAM_Sensor_Application\jre
=== Debug Log === 
22:41:37 - x86
22:41:37 - Sun Microsystems Inc.
22:41:37 - 1.6.0_15
22:41:37 - lib\core.jar;lib\serial.jar;lib\RXTXcomm.jar;lib\CC3000SensorAppGUI.jar
22:41:37 - E:\Data\TU-Sofia\Teaching\05 - Msht\Bachelor\Lab\Materiali_Za_Kursa_2018\MSP430FR6989\MSHT_LAB_old\MSHT_LAB_2017_2\04_tools\CC3000_FRAM_Sensor_Application\jre\lib\ext;C:\Windows\Sun\Java\lib\ext
22:41:37 - E:\Data\TU-Sofia\Teaching\05 - Msht\Bachelor\Lab\Materiali_Za_Kursa_2018\MSP430FR6989\MSHT_LAB_old\MSHT_LAB_2017_2\04_tools\CC3000_FRAM_Sensor_Application\jre
=== Debug Log === 
22:43:50 - x86
22:43:50 - Sun Microsystems Inc.
22:43:50 - 1.6.0_15
22:43:50 - lib\core.jar;lib\serial.jar;lib\RXTXcomm.jar;lib\CC3000SensorAppGUI.jar
22:43:50 - E:\Data\TU-Sofia\Teaching\05 - Msht\Bachelor\Lab\Materiali_Za_Kursa_2018\MSP430FR6989\MSHT_LAB_old\MSHT_LAB_2017_2\04_tools\CC3000_FRAM_Sensor_Application\jre\lib\ext;C:\Windows\Sun\Java\lib\ext
22:43:50 - E:\Data\TU-Sofia\Teaching\05 - Msht\Bachelor\Lab\Materiali_Za_Kursa_2018\MSP430FR6989\MSHT_LAB_old\MSHT_LAB_2017_2\04_tools\CC3000_FRAM_Sensor_Application\jre
=== Debug Log === 
22:46:32 - x86
22:46:32 - Sun Microsystems Inc.
22:46:32 - 1.6.0_15
22:46:32 - lib\core.jar;lib\serial.jar;lib\RXTXcomm.jar;lib\CC3000SensorAppGUI.jar
22:46:32 - E:\Data\TU-Sofia\Teaching\05 - Msht\Bachelor\Lab\Materiali_Za_Kursa_2018\MSP430FR6989\MSHT_LAB_old\MSHT_LAB_2017_2\04_tools\CC3000_FRAM_Sensor_Application\jre\lib\ext;C:\Windows\Sun\Java\lib\ext
22:46:32 - E:\Data\TU-Sofia\Teaching\05 - Msht\Bachelor\Lab\Materiali_Za_Kursa_2018\MSP430FR6989\MSHT_LAB_old\MSHT_LAB_2017_2\04_tools\CC3000_FRAM_Sensor_Application\jre
=== Debug Log === 
22:48:2 - x86
22:48:2 - Sun Microsystems Inc.
22:48:2 - 1.6.0_15
22:48:2 - lib\core.jar;lib\serial.jar;lib\RXTXcomm.jar;lib\CC3000SensorAppGUI.jar
22:48:2 - E:\Data\TU-Sofia\Teaching\05 - Msht\Bachelor\Lab\Materiali_Za_Kursa_2018\MSP430FR6989\MSHT_LAB_old\MSHT_LAB_2017_2\04_tools\CC3000_FRAM_Sensor_Application\jre\lib\ext;C:\Windows\Sun\Java\lib\ext
22:48:2 - E:\Data\TU-Sofia\Teaching\05 - Msht\Bachelor\Lab\Materiali_Za_Kursa_2018\MSP430FR6989\MSHT_LAB_old\MSHT_LAB_2017_2\04_tools\CC3000_FRAM_Sensor_Application\jre
=== Debug Log === 
22:49:29 - x86
22:49:29 - Sun Microsystems Inc.
22:49:29 - 1.6.0_15
22:49:29 - lib\core.jar;lib\serial.jar;lib\RXTXcomm.jar;lib\CC3000SensorAppGUI.jar
22:49:29 - E:\Data\TU-Sofia\Teaching\05 - Msht\Bachelor\Lab\Materiali_Za_Kursa_2018\MSP430FR6989\MSHT_LAB_old\MSHT_LAB_2017_2\04_tools\CC3000_FRAM_Sensor_Application\jre\lib\ext;C:\Windows\Sun\Java\lib\ext
22:49:29 - E:\Data\TU-Sofia\Teaching\05 - Msht\Bachelor\Lab\Materiali_Za_Kursa_2018\MSP430FR6989\MSHT_LAB_old\MSHT_LAB_2017_2\04_tools\CC3000_FRAM_Sensor_Application\jre
=== Debug Log === 
22:51:35 - x86
22:51:35 - Sun Microsystems Inc.
22:51:35 - 1.6.0_15
22:51:35 - lib\core.jar;lib\serial.jar;lib\RXTXcomm.jar;lib\CC3000SensorAppGUI.jar
22:51:35 - E:\Data\TU-Sofia\Teaching\05 - Msht\Bachelor\Lab\Materiali_Za_Kursa_2018\MSP430FR6989\MSHT_LAB_old\MSHT_LAB_2017_2\04_tools\CC3000_FRAM_Sensor_Application\jre\lib\ext;C:\Windows\Sun\Java\lib\ext
22:51:35 - E:\Data\TU-Sofia\Teaching\05 - Msht\Bachelor\Lab\Materiali_Za_Kursa_2018\MSP430FR6989\MSHT_LAB_old\MSHT_LAB_2017_2\04_tools\CC3000_FRAM_Sensor_Application\jre
=== Debug Log === 
22:52:44 - x86
22:52:44 - Sun Microsystems Inc.
22:52:44 - 1.6.0_15
22:52:44 - lib\core.jar;lib\serial.jar;lib\RXTXcomm.jar;lib\CC3000SensorAppGUI.jar
22:52:44 - E:\Data\TU-Sofia\Teaching\05 - Msht\Bachelor\Lab\Materiali_Za_Kursa_2018\MSP430FR6989\MSHT_LAB_old\MSHT_LAB_2017_2\04_tools\CC3000_FRAM_Sensor_Application\jre\lib\ext;C:\Windows\Sun\Java\lib\ext
22:52:44 - E:\Data\TU-Sofia\Teaching\05 - Msht\Bachelor\Lab\Materiali_Za_Kursa_2018\MSP430FR6989\MSHT_LAB_old\MSHT_LAB_2017_2\04_tools\CC3000_FRAM_Sensor_Application\jre
=== Debug Log === 
22:53:56 - x86
22:53:56 - Sun Microsystems Inc.
22:53:56 - 1.6.0_15
22:53:56 - lib\core.jar;lib\serial.jar;lib\RXTXcomm.jar;lib\CC3000SensorAppGUI.jar
22:53:56 - E:\Data\TU-Sofia\Teaching\05 - Msht\Bachelor\Lab\Materiali_Za_Kursa_2018\MSP430FR6989\MSHT_LAB_old\MSHT_LAB_2017_2\04_tools\CC3000_FRAM_Sensor_Application\jre\lib\ext;C:\Windows\Sun\Java\lib\ext
22:53:56 - E:\Data\TU-Sofia\Teaching\05 - Msht\Bachelor\Lab\Materiali_Za_Kursa_2018\MSP430FR6989\MSHT_LAB_old\MSHT_LAB_2017_2\04_tools\CC3000_FRAM_Sensor_Application\jre
=== Debug Log === 
22:58:53 - x86
22:58:53 - Sun Microsystems Inc.
22:58:53 - 1.6.0_15
22:58:53 - lib\core.jar;lib\serial.jar;lib\RXTXcomm.jar;lib\CC3000SensorAppGUI.jar
22:58:53 - E:\Data\TU-Sofia\Teaching\05 - Msht\Bachelor\Lab\Materiali_Za_Kursa_2018\MSP430FR6989\MSHT_LAB_old\MSHT_LAB_2017_2\04_tools\CC3000_FRAM_Sensor_Application\jre\lib\ext;C:\Windows\Sun\Java\lib\ext
22:58:53 - E:\Data\TU-Sofia\Teaching\05 - Msht\Bachelor\Lab\Materiali_Za_Kursa_2018\MSP430FR6989\MSHT_LAB_old\MSHT_LAB_2017_2\04_tools\CC3000_FRAM_Sensor_Application\jre
=== Debug Log === 
22:59:21 - x86
22:59:21 - Sun Microsystems Inc.
22:59:21 - 1.6.0_15
22:59:21 - lib\core.jar;lib\serial.jar;lib\RXTXcomm.jar;lib\CC3000SensorAppGUI.jar
22:59:21 - E:\Data\TU-Sofia\Teaching\05 - Msht\Bachelor\Lab\Materiali_Za_Kursa_2018\MSP430FR6989\MSHT_LAB_old\MSHT_LAB_2017_2\04_tools\CC3000_FRAM_Sensor_Application\jre\lib\ext;C:\Windows\Sun\Java\lib\ext
22:59:21 - E:\Data\TU-Sofia\Teaching\05 - Msht\Bachelor\Lab\Materiali_Za_Kursa_2018\MSP430FR6989\MSHT_LAB_old\MSHT_LAB_2017_2\04_tools\CC3000_FRAM_Sensor_Application\jre
=== Debug Log === 
23:0:29 - x86
23:0:29 - Sun Microsystems Inc.
23:0:29 - 1.6.0_15
23:0:29 - lib\core.jar;lib\serial.jar;lib\RXTXcomm.jar;lib\CC3000SensorAppGUI.jar
23:0:29 - E:\Data\TU-Sofia\Teaching\05 - Msht\Bachelor\Lab\Materiali_Za_Kursa_2018\MSP430FR6989\MSHT_LAB_old\MSHT_LAB_2017_2\04_tools\CC3000_FRAM_Sensor_Application\jre\lib\ext;C:\Windows\Sun\Java\lib\ext
23:0:29 - E:\Data\TU-Sofia\Teaching\05 - Msht\Bachelor\Lab\Materiali_Za_Kursa_2018\MSP430FR6989\MSHT_LAB_old\MSHT_LAB_2017_2\04_tools\CC3000_FRAM_Sensor_Application\jre
=== Debug Log === 
23:0:58 - x86
23:0:58 - Sun Microsystems Inc.
23:0:58 - 1.6.0_15
23:0:58 - lib\core.jar;lib\serial.jar;lib\RXTXcomm.jar;lib\CC3000SensorAppGUI.jar
23:0:58 - E:\Data\TU-Sofia\Teaching\05 - Msht\Bachelor\Lab\Materiali_Za_Kursa_2018\MSP430FR6989\MSHT_LAB_old\MSHT_LAB_2017_2\04_tools\CC3000_FRAM_Sensor_Application\jre\lib\ext;C:\Windows\Sun\Java\lib\ext
23:0:58 - E:\Data\TU-Sofia\Teaching\05 - Msht\Bachelor\Lab\Materiali_Za_Kursa_2018\MSP430FR6989\MSHT_LAB_old\MSHT_LAB_2017_2\04_tools\CC3000_FRAM_Sensor_Application\jre
=== Debug Log === 
23:19:16 - x86
23:19:16 - Sun Microsystems Inc.
23:19:16 - 1.6.0_15
23:19:16 - lib\core.jar;lib\serial.jar;lib\RXTXcomm.jar;lib\CC3000SensorAppGUI.jar
23:19:16 - E:\Data\TU-Sofia\Teaching\05 - Msht\Bachelor\Lab\Materiali_Za_Kursa_2018\MSP430FR6989\MSHT_LAB_old\MSHT_LAB_2017_2\04_tools\CC3000_FRAM_Sensor_Application\jre\lib\ext;C:\Windows\Sun\Java\lib\ext
23:19:16 - E:\Data\TU-Sofia\Teaching\05 - Msht\Bachelor\Lab\Materiali_Za_Kursa_2018\MSP430FR6989\MSHT_LAB_old\MSHT_LAB_2017_2\04_tools\CC3000_FRAM_Sensor_Application\jre
=== Debug Log === 
23:20:2 - x86
23:20:2 - Sun Microsystems Inc.
23:20:2 - 1.6.0_15
23:20:2 - lib\core.jar;lib\serial.jar;lib\RXTXcomm.jar;lib\CC3000SensorAppGUI.jar
23:20:2 - E:\Data\TU-Sofia\Teaching\05 - Msht\Bachelor\Lab\Materiali_Za_Kursa_2018\MSP430FR6989\MSHT_LAB_old\MSHT_LAB_2017_2\04_tools\CC3000_FRAM_Sensor_Application\jre\lib\ext;C:\Windows\Sun\Java\lib\ext
23:20:2 - E:\Data\TU-Sofia\Teaching\05 - Msht\Bachelor\Lab\Materiali_Za_Kursa_2018\MSP430FR6989\MSHT_LAB_old\MSHT_LAB_2017_2\04_tools\CC3000_FRAM_Sensor_Application\jre
=== Debug Log === 
23:41:21 - x86
23:41:21 - Sun Microsystems Inc.
23:41:21 - 1.6.0_15
23:41:21 - lib\core.jar;lib\serial.jar;lib\RXTXcomm.jar;lib\CC3000SensorAppGUI.jar
23:41:21 - E:\Data\TU-Sofia\Teaching\05 - Msht\Bachelor\Lab\Materiali_Za_Kursa_2018\MSP430FR6989\MSHT_LAB_old\MSHT_LAB_2017_2\04_tools\CC3000_FRAM_Sensor_Application\jre\lib\ext;C:\Windows\Sun\Java\lib\ext
23:41:21 - E:\Data\TU-Sofia\Teaching\05 - Msht\Bachelor\Lab\Materiali_Za_Kursa_2018\MSP430FR6989\MSHT_LAB_old\MSHT_LAB_2017_2\04_tools\CC3000_FRAM_Sensor_Application\jre
=== Debug Log === 
23:58:45 - x86
23:58:45 - Sun Microsystems Inc.
23:58:45 - 1.6.0_15
23:58:45 - lib\core.jar;lib\serial.jar;lib\RXTXcomm.jar;lib\CC3000SensorAppGUI.jar
23:58:45 - E:\Data\TU-Sofia\Teaching\05 - Msht\Bachelor\Lab\Materiali_Za_Kursa_2018\MSP430FR6989\MSHT_LAB_old\MSHT_LAB_2017_2\04_tools\CC3000_FRAM_Sensor_Application\jre\lib\ext;C:\Windows\Sun\Java\lib\ext
23:58:45 - E:\Data\TU-Sofia\Teaching\05 - Msht\Bachelor\Lab\Materiali_Za_Kursa_2018\MSP430FR6989\MSHT_LAB_old\MSHT_LAB_2017_2\04_tools\CC3000_FRAM_Sensor_Application\jre
=== Debug Log === 
0:0:25 - x86
0:0:25 - Sun Microsystems Inc.
0:0:25 - 1.6.0_15
0:0:25 - lib\core.jar;lib\serial.jar;lib\RXTXcomm.jar;lib\CC3000SensorAppGUI.jar
0:0:25 - E:\Data\TU-Sofia\Teaching\05 - Msht\Bachelor\Lab\Materiali_Za_Kursa_2018\MSP430FR6989\MSHT_LAB_old\MSHT_LAB_2017_2\04_tools\CC3000_FRAM_Sensor_Application\jre\lib\ext;C:\Windows\Sun\Java\lib\ext
0:0:25 - E:\Data\TU-Sofia\Teaching\05 - Msht\Bachelor\Lab\Materiali_Za_Kursa_2018\MSP430FR6989\MSHT_LAB_old\MSHT_LAB_2017_2\04_tools\CC3000_FRAM_Sensor_Application\jre
=== Debug Log === 
0:5:17 - x86
0:5:17 - Sun Microsystems Inc.
0:5:17 - 1.6.0_15
0:5:17 - lib\core.jar;lib\serial.jar;lib\RXTXcomm.jar;lib\CC3000SensorAppGUI.jar
0:5:17 - E:\Data\TU-Sofia\Teaching\05 - Msht\Bachelor\Lab\Materiali_Za_Kursa_2018\MSP430FR6989\MSHT_LAB_old\MSHT_LAB_2017_2\04_tools\CC3000_FRAM_Sensor_Application\jre\lib\ext;C:\Windows\Sun\Java\lib\ext
0:5:17 - E:\Data\TU-Sofia\Teaching\05 - Msht\Bachelor\Lab\Materiali_Za_Kursa_2018\MSP430FR6989\MSHT_LAB_old\MSHT_LAB_2017_2\04_tools\CC3000_FRAM_Sensor_Application\jre
=== Debug Log === 
0:5:46 - x86
0:5:46 - Sun Microsystems Inc.
0:5:46 - 1.6.0_15
0:5:46 - lib\core.jar;lib\serial.jar;lib\RXTXcomm.jar;lib\CC3000SensorAppGUI.jar
0:5:46 - E:\Data\TU-Sofia\Teaching\05 - Msht\Bachelor\Lab\Materiali_Za_Kursa_2018\MSP430FR6989\MSHT_LAB_old\MSHT_LAB_2017_2\04_tools\CC3000_FRAM_Sensor_Application\jre\lib\ext;C:\Windows\Sun\Java\lib\ext
0:5:46 - E:\Data\TU-Sofia\Teaching\05 - Msht\Bachelor\Lab\Materiali_Za_Kursa_2018\MSP430FR6989\MSHT_LAB_old\MSHT_LAB_2017_2\04_tools\CC3000_FRAM_Sensor_Application\jre
=== Debug Log === 
0:9:43 - x86
0:9:43 - Sun Microsystems Inc.
0:9:43 - 1.6.0_15
0:9:43 - lib\core.jar;lib\serial.jar;lib\RXTXcomm.jar;lib\CC3000SensorAppGUI.jar
0:9:43 - E:\Data\TU-Sofia\Teaching\05 - Msht\Bachelor\Lab\Materiali_Za_Kursa_2018\MSP430FR6989\MSHT_LAB_old\MSHT_LAB_2017_2\04_tools\CC3000_FRAM_Sensor_Application\jre\lib\ext;C:\Windows\Sun\Java\lib\ext
0:9:43 - E:\Data\TU-Sofia\Teaching\05 - Msht\Bachelor\Lab\Materiali_Za_Kursa_2018\MSP430FR6989\MSHT_LAB_old\MSHT_LAB_2017_2\04_tools\CC3000_FRAM_Sensor_Application\jre
=== Debug Log === 
0:10:4 - x86
0:10:4 - Sun Microsystems Inc.
0:10:4 - 1.6.0_15
0:10:4 - lib\core.jar;lib\serial.jar;lib\RXTXcomm.jar;lib\CC3000SensorAppGUI.jar
0:10:4 - E:\Data\TU-Sofia\Teaching\05 - Msht\Bachelor\Lab\Materiali_Za_Kursa_2018\MSP430FR6989\MSHT_LAB_old\MSHT_LAB_2017_2\04_tools\CC3000_FRAM_Sensor_Application\jre\lib\ext;C:\Windows\Sun\Java\lib\ext
0:10:4 - E:\Data\TU-Sofia\Teaching\05 - Msht\Bachelor\Lab\Materiali_Za_Kursa_2018\MSP430FR6989\MSHT_LAB_old\MSHT_LAB_2017_2\04_tools\CC3000_FRAM_Sensor_Application\jre
=== Debug Log === 
0:15:50 - x86
0:15:50 - Sun Microsystems Inc.
0:15:50 - 1.6.0_15
0:15:50 - lib\core.jar;lib\serial.jar;lib\RXTXcomm.jar;lib\CC3000SensorAppGUI.jar
0:15:50 - E:\Data\TU-Sofia\Teaching\05 - Msht\Bachelor\Lab\Materiali_Za_Kursa_2018\MSP430FR6989\MSHT_LAB_old\MSHT_LAB_2017_2\04_tools\CC3000_FRAM_Sensor_Application\jre\lib\ext;C:\Windows\Sun\Java\lib\ext
0:15:50 - E:\Data\TU-Sofia\Teaching\05 - Msht\Bachelor\Lab\Materiali_Za_Kursa_2018\MSP430FR6989\MSHT_LAB_old\MSHT_LAB_2017_2\04_tools\CC3000_FRAM_Sensor_Application\jre
=== Debug Log === 
0:19:51 - x86
0:19:51 - Sun Microsystems Inc.
0:19:51 - 1.6.0_15
0:19:51 - lib\core.jar;lib\serial.jar;lib\RXTXcomm.jar;lib\CC3000SensorAppGUI.jar
0:19:51 - E:\Data\TU-Sofia\Teaching\05 - Msht\Bachelor\Lab\Materiali_Za_Kursa_2018\MSP430FR6989\MSHT_LAB_old\MSHT_LAB_2017_2\04_tools\CC3000_FRAM_Sensor_Application\jre\lib\ext;C:\Windows\Sun\Java\lib\ext
0:19:51 - E:\Data\TU-Sofia\Teaching\05 - Msht\Bachelor\Lab\Materiali_Za_Kursa_2018\MSP430FR6989\MSHT_LAB_old\MSHT_LAB_2017_2\04_tools\CC3000_FRAM_Sensor_Application\jre
=== Debug Log === 
0:20:13 - x86
0:20:13 - Sun Microsystems Inc.
0:20:13 - 1.6.0_15
0:20:13 - lib\core.jar;lib\serial.jar;lib\RXTXcomm.jar;lib\CC3000SensorAppGUI.jar
0:20:13 - E:\Data\TU-Sofia\Teaching\05 - Msht\Bachelor\Lab\Materiali_Za_Kursa_2018\MSP430FR6989\MSHT_LAB_old\MSHT_LAB_2017_2\04_tools\CC3000_FRAM_Sensor_Application\jre\lib\ext;C:\Windows\Sun\Java\lib\ext
0:20:13 - E:\Data\TU-Sofia\Teaching\05 - Msht\Bachelor\Lab\Materiali_Za_Kursa_2018\MSP430FR6989\MSHT_LAB_old\MSHT_LAB_2017_2\04_tools\CC3000_FRAM_Sensor_Application\jre
=== Debug Log === 
0:21:12 - x86
0:21:12 - Sun Microsystems Inc.
0:21:12 - 1.6.0_15
0:21:12 - lib\core.jar;lib\serial.jar;lib\RXTXcomm.jar;lib\CC3000SensorAppGUI.jar
0:21:12 - E:\Data\TU-Sofia\Teaching\05 - Msht\Bachelor\Lab\Materiali_Za_Kursa_2018\MSP430FR6989\MSHT_LAB_old\MSHT_LAB_2017_2\04_tools\CC3000_FRAM_Sensor_Application\jre\lib\ext;C:\Windows\Sun\Java\lib\ext
0:21:12 - E:\Data\TU-Sofia\Teaching\05 - Msht\Bachelor\Lab\Materiali_Za_Kursa_2018\MSP430FR6989\MSHT_LAB_old\MSHT_LAB_2017_2\04_tools\CC3000_FRAM_Sensor_Application\jre
=== Debug Log === 
0:21:43 - x86
0:21:43 - Sun Microsystems Inc.
0:21:43 - 1.6.0_15
0:21:43 - lib\core.jar;lib\serial.jar;lib\RXTXcomm.jar;lib\CC3000SensorAppGUI.jar
0:21:43 - E:\Data\TU-Sofia\Teaching\05 - Msht\Bachelor\Lab\Materiali_Za_Kursa_2018\MSP430FR6989\MSHT_LAB_old\MSHT_LAB_2017_2\04_tools\CC3000_FRAM_Sensor_Application\jre\lib\ext;C:\Windows\Sun\Java\lib\ext
0:21:43 - E:\Data\TU-Sofia\Teaching\05 - Msht\Bachelor\Lab\Materiali_Za_Kursa_2018\MSP430FR6989\MSHT_LAB_old\MSHT_LAB_2017_2\04_tools\CC3000_FRAM_Sensor_Application\jre
=== Debug Log === 
0:22:48 - x86
0:22:48 - Sun Microsystems Inc.
0:22:48 - 1.6.0_15
0:22:48 - lib\core.jar;lib\serial.jar;lib\RXTXcomm.jar;lib\CC3000SensorAppGUI.jar
0:22:48 - E:\Data\TU-Sofia\Teaching\05 - Msht\Bachelor\Lab\Materiali_Za_Kursa_2018\MSP430FR6989\MSHT_LAB_old\MSHT_LAB_2017_2\04_tools\CC3000_FRAM_Sensor_Application\jre\lib\ext;C:\Windows\Sun\Java\lib\ext
0:22:48 - E:\Data\TU-Sofia\Teaching\05 - Msht\Bachelor\Lab\Materiali_Za_Kursa_2018\MSP430FR6989\MSHT_LAB_old\MSHT_LAB_2017_2\04_tools\CC3000_FRAM_Sensor_Application\jre
=== Debug Log === 
0:33:1 - x86
0:33:1 - Sun Microsystems Inc.
0:33:1 - 1.6.0_15
0:33:1 - lib\core.jar;lib\serial.jar;lib\RXTXcomm.jar;lib\CC3000SensorAppGUI.jar
0:33:1 - E:\Data\TU-Sofia\Teaching\05 - Msht\Bachelor\Lab\Materiali_Za_Kursa_2018\MSP430FR6989\MSHT_LAB_old\MSHT_LAB_2017_2\04_tools\CC3000_FRAM_Sensor_Application\jre\lib\ext;C:\Windows\Sun\Java\lib\ext
0:33:1 - E:\Data\TU-Sofia\Teaching\05 - Msht\Bachelor\Lab\Materiali_Za_Kursa_2018\MSP430FR6989\MSHT_LAB_old\MSHT_LAB_2017_2\04_tools\CC3000_FRAM_Sensor_Application\jre
=== Debug Log === 
0:37:29 - x86
0:37:29 - Sun Microsystems Inc.
0:37:29 - 1.6.0_15
0:37:29 - lib\core.jar;lib\serial.jar;lib\RXTXcomm.jar;lib\CC3000SensorAppGUI.jar
0:37:29 - E:\Data\TU-Sofia\Teaching\05 - Msht\Bachelor\Lab\Materiali_Za_Kursa_2018\MSP430FR6989\MSHT_LAB_old\MSHT_LAB_2017_2\04_tools\CC3000_FRAM_Sensor_Application\jre\lib\ext;C:\Windows\Sun\Java\lib\ext
0:37:29 - E:\Data\TU-Sofia\Teaching\05 - Msht\Bachelor\Lab\Materiali_Za_Kursa_2018\MSP430FR6989\MSHT_LAB_old\MSHT_LAB_2017_2\04_tools\CC3000_FRAM_Sensor_Application\jre
=== Debug Log === 
0:39:6 - x86
0:39:6 - Sun Microsystems Inc.
0:39:6 - 1.6.0_15
0:39:6 - lib\core.jar;lib\serial.jar;lib\RXTXcomm.jar;lib\CC3000SensorAppGUI.jar
0:39:6 - E:\Data\TU-Sofia\Teaching\05 - Msht\Bachelor\Lab\Materiali_Za_Kursa_2018\MSP430FR6989\MSHT_LAB_old\MSHT_LAB_2017_2\04_tools\CC3000_FRAM_Sensor_Application\jre\lib\ext;C:\Windows\Sun\Java\lib\ext
0:39:6 - E:\Data\TU-Sofia\Teaching\05 - Msht\Bachelor\Lab\Materiali_Za_Kursa_2018\MSP430FR6989\MSHT_LAB_old\MSHT_LAB_2017_2\04_tools\CC3000_FRAM_Sensor_Application\jre
=== Debug Log === 
14:51:15 - x86
14:51:15 - Sun Microsystems Inc.
14:51:16 - 1.6.0_15
14:51:16 - lib\core.jar;lib\serial.jar;lib\RXTXcomm.jar;lib\CC3000SensorAppGUI.jar
14:51:16 - E:\Data\TU-Sofia\Teaching\05 - Msht\Bachelor\Lab\Materiali_Za_Kursa_2018\MSP430FR6989\MSHT_LAB_old\MSHT_LAB_2017_2\04_tools\CC3000_FRAM_Sensor_Application\jre\lib\ext;C:\Windows\Sun\Java\lib\ext
14:51:16 - E:\Data\TU-Sofia\Teaching\05 - Msht\Bachelor\Lab\Materiali_Za_Kursa_2018\MSP430FR6989\MSHT_LAB_old\MSHT_LAB_2017_2\04_tools\CC3000_FRAM_Sensor_Application\jre
=== Debug Log === 
14:52:4 - x86
14:52:4 - Sun Microsystems Inc.
14:52:4 - 1.6.0_15
14:52:4 - lib\core.jar;lib\serial.jar;lib\RXTXcomm.jar;lib\CC3000SensorAppGUI.jar
14:52:4 - E:\Data\TU-Sofia\Teaching\05 - Msht\Bachelor\Lab\Materiali_Za_Kursa_2018\MSP430FR6989\MSHT_LAB_old\MSHT_LAB_2017_2\04_tools\CC3000_FRAM_Sensor_Application\jre\lib\ext;C:\Windows\Sun\Java\lib\ext
14:52:4 - E:\Data\TU-Sofia\Teaching\05 - Msht\Bachelor\Lab\Materiali_Za_Kursa_2018\MSP430FR6989\MSHT_LAB_old\MSHT_LAB_2017_2\04_tools\CC3000_FRAM_Sensor_Application\jre
=== Debug Log === 
15:6:45 - x86
15:6:45 - Sun Microsystems Inc.
15:6:45 - 1.6.0_15
15:6:45 - lib\core.jar;lib\serial.jar;lib\RXTXcomm.jar;lib\CC3000SensorAppGUI.jar
15:6:45 - E:\Data\TU-Sofia\Teaching\05 - Msht\Bachelor\Lab\Materiali_Za_Kursa_2018\MSP430FR6989\MSHT_LAB_old\MSHT_LAB_2017_2\04_tools\CC3000_FRAM_Sensor_Application\jre\lib\ext;C:\Windows\Sun\Java\lib\ext
15:6:45 - E:\Data\TU-Sofia\Teaching\05 - Msht\Bachelor\Lab\Materiali_Za_Kursa_2018\MSP430FR6989\MSHT_LAB_old\MSHT_LAB_2017_2\04_tools\CC3000_FRAM_Sensor_Application\jre
=== Debug Log === 
15:6:54 - x86
15:6:54 - Sun Microsystems Inc.
15:6:54 - 1.6.0_15
15:6:54 - lib\core.jar;lib\serial.jar;lib\RXTXcomm.jar;lib\CC3000SensorAppGUI.jar
15:6:54 - E:\Data\TU-Sofia\Teaching\05 - Msht\Bachelor\Lab\Materiali_Za_Kursa_2018\MSP430FR6989\MSHT_LAB_old\MSHT_LAB_2017_2\04_tools\CC3000_FRAM_Sensor_Application\jre\lib\ext;C:\Windows\Sun\Java\lib\ext
15:6:54 - E:\Data\TU-Sofia\Teaching\05 - Msht\Bachelor\Lab\Materiali_Za_Kursa_2018\MSP430FR6989\MSHT_LAB_old\MSHT_LAB_2017_2\04_tools\CC3000_FRAM_Sensor_Application\jre
=== Debug Log === 
16:10:47 - x86
16:10:47 - Sun Microsystems Inc.
16:10:47 - 1.6.0_15
16:10:47 - lib\core.jar;lib\serial.jar;lib\RXTXcomm.jar;lib\CC3000SensorAppGUI.jar
16:10:47 - E:\Data\TU-Sofia\Teaching\05 - Msht\Bachelor\Lab\Materiali_Za_Kursa_2018\MSP430FR6989\MSHT_LAB_old\MSHT_LAB_2017_2\04_tools\CC3000_FRAM_Sensor_Application\jre\lib\ext;C:\Windows\Sun\Java\lib\ext
16:10:47 - E:\Data\TU-Sofia\Teaching\05 - Msht\Bachelor\Lab\Materiali_Za_Kursa_2018\MSP430FR6989\MSHT_LAB_old\MSHT_LAB_2017_2\04_tools\CC3000_FRAM_Sensor_Application\jre
=== Debug Log === 
17:27:53 - x86
17:27:53 - Sun Microsystems Inc.
17:27:53 - 1.6.0_15
17:27:53 - lib\core.jar;lib\serial.jar;lib\RXTXcomm.jar;lib\CC3000SensorAppGUI.jar
17:27:53 - E:\Data\TU-Sofia\Teaching\05 - Msht\Bachelor\Lab\Materiali_Za_Kursa_2018\MSP430FR6989\MSHT_LAB_old\MSHT_LAB_2017_2\04_tools\CC3000_FRAM_Sensor_Application\jre\lib\ext;C:\Windows\Sun\Java\lib\ext
17:27:53 - E:\Data\TU-Sofia\Teaching\05 - Msht\Bachelor\Lab\Materiali_Za_Kursa_2018\MSP430FR6989\MSHT_LAB_old\MSHT_LAB_2017_2\04_tools\CC3000_FRAM_Sensor_Application\jre
=== Debug Log === 
17:28:1 - x86
17:28:1 - Sun Microsystems Inc.
17:28:1 - 1.6.0_15
17:28:1 - lib\core.jar;lib\serial.jar;lib\RXTXcomm.jar;lib\CC3000SensorAppGUI.jar
17:28:1 - E:\Data\TU-Sofia\Teaching\05 - Msht\Bachelor\Lab\Materiali_Za_Kursa_2018\MSP430FR6989\MSHT_LAB_old\MSHT_LAB_2017_2\04_tools\CC3000_FRAM_Sensor_Application\jre\lib\ext;C:\Windows\Sun\Java\lib\ext
17:28:1 - E:\Data\TU-Sofia\Teaching\05 - Msht\Bachelor\Lab\Materiali_Za_Kursa_2018\MSP430FR6989\MSHT_LAB_old\MSHT_LAB_2017_2\04_tools\CC3000_FRAM_Sensor_Application\jre
=== Debug Log === 
19:20:13 - x86
19:20:13 - Sun Microsystems Inc.
19:20:13 - 1.6.0_15
19:20:13 - lib\core.jar;lib\serial.jar;lib\RXTXcomm.jar;lib\CC3000SensorAppGUI.jar
19:20:13 - E:\Data\TU-Sofia\Teaching\05 - Msht\Bachelor\Lab\Materiali_Za_Kursa_2018\MSP430FR6989\MSHT_LAB_old\MSHT_LAB_2017_2\04_tools\CC3000_FRAM_Sensor_Application\jre\lib\ext;C:\Windows\Sun\Java\lib\ext
19:20:13 - E:\Data\TU-Sofia\Teaching\05 - Msht\Bachelor\Lab\Materiali_Za_Kursa_2018\MSP430FR6989\MSHT_LAB_old\MSHT_LAB_2017_2\04_tools\CC3000_FRAM_Sensor_Application\jre
=== Debug Log === 
19:56:1 - x86
19:56:1 - Sun Microsystems Inc.
19:56:1 - 1.6.0_15
19:56:1 - lib\core.jar;lib\serial.jar;lib\RXTXcomm.jar;lib\CC3000SensorAppGUI.jar
19:56:1 - E:\Data\TU-Sofia\Teaching\05 - Msht\Bachelor\Lab\Materiali_Za_Kursa_2018\MSHT_LAB\04_tools\CC3000_FRAM_Sensor_Application\jre\lib\ext;C:\Windows\Sun\Java\lib\ext
19:56:1 - E:\Data\TU-Sofia\Teaching\05 - Msht\Bachelor\Lab\Materiali_Za_Kursa_2018\MSHT_LAB\04_tools\CC3000_FRAM_Sensor_Application\jre
=== Debug Log === 
20:19:15 - x86
20:19:15 - Sun Microsystems Inc.
20:19:15 - 1.6.0_15
20:19:15 - lib\core.jar;lib\serial.jar;lib\RXTXcomm.jar;lib\CC3000SensorAppGUI.jar
20:19:15 - E:\Data\TU-Sofia\Teaching\05 - Msht\Bachelor\Lab\Materiali_Za_Kursa_2018\MSHT_LAB\04_tools\CC3000_FRAM_Sensor_Application\jre\lib\ext;C:\Windows\Sun\Java\lib\ext
20:19:15 - E:\Data\TU-Sofia\Teaching\05 - Msht\Bachelor\Lab\Materiali_Za_Kursa_2018\MSHT_LAB\04_tools\CC3000_FRAM_Sensor_Application\jre
=== Debug Log === 
20:28:47 - x86
20:28:47 - Sun Microsystems Inc.
20:28:47 - 1.6.0_15
20:28:47 - lib\core.jar;lib\serial.jar;lib\RXTXcomm.jar;lib\CC3000SensorAppGUI.jar
20:28:47 - E:\Data\TU-Sofia\Teaching\05 - Msht\Bachelor\Lab\Materiali_Za_Kursa_2018\MSHT_LAB\04_tools\CC3000_FRAM_Sensor_Application\jre\lib\ext;C:\Windows\Sun\Java\lib\ext
20:28:47 - E:\Data\TU-Sofia\Teaching\05 - Msht\Bachelor\Lab\Materiali_Za_Kursa_2018\MSHT_LAB\04_tools\CC3000_FRAM_Sensor_Application\jre
=== Debug Log === 
20:37:54 - x86
20:37:54 - Sun Microsystems Inc.
20:37:54 - 1.6.0_15
20:37:54 - lib\core.jar;lib\serial.jar;lib\RXTXcomm.jar;lib\CC3000SensorAppGUI.jar
20:37:54 - E:\Data\TU-Sofia\Teaching\05 - Msht\Bachelor\Lab\Materiali_Za_Kursa_2018\MSHT_LAB\04_tools\CC3000_FRAM_Sensor_Application\jre\lib\ext;C:\Windows\Sun\Java\lib\ext
20:37:54 - E:\Data\TU-Sofia\Teaching\05 - Msht\Bachelor\Lab\Materiali_Za_Kursa_2018\MSHT_LAB\04_tools\CC3000_FRAM_Sensor_Application\jre
=== Debug Log === 
20:53:49 - x86
20:53:49 - Sun Microsystems Inc.
20:53:49 - 1.6.0_15
20:53:49 - lib\core.jar;lib\serial.jar;lib\RXTXcomm.jar;lib\CC3000SensorAppGUI.jar
20:53:49 - E:\Data\TU-Sofia\Teaching\05 - Msht\Bachelor\Lab\Materiali_Za_Kursa_2018\MSHT_LAB\04_tools\CC3000_FRAM_Sensor_Application\jre\lib\ext;C:\Windows\Sun\Java\lib\ext
20:53:49 - E:\Data\TU-Sofia\Teaching\05 - Msht\Bachelor\Lab\Materiali_Za_Kursa_2018\MSHT_LAB\04_tools\CC3000_FRAM_Sensor_Application\jre
=== Debug Log === 
19:7:12 - x86
19:7:12 - Sun Microsystems Inc.
19:7:12 - 1.6.0_15
19:7:12 - lib\core.jar;lib\serial.jar;lib\RXTXcomm.jar;lib\CC3000SensorAppGUI.jar
19:7:12 - E:\Data\TU-Sofia\Teaching\05 - Msht\Bachelor\Lab\Materiali_Za_Kursa_2018\MSHT_LAB\04_tools\CC3000_FRAM_Sensor_Application\jre\lib\ext;C:\Windows\Sun\Java\lib\ext
19:7:12 - E:\Data\TU-Sofia\Teaching\05 - Msht\Bachelor\Lab\Materiali_Za_Kursa_2018\MSHT_LAB\04_tools\CC3000_FRAM_Sensor_Application\jre
=== Debug Log === 
19:30:37 - x86
19:30:37 - Sun Microsystems Inc.
19:30:37 - 1.6.0_15
19:30:37 - lib\core.jar;lib\serial.jar;lib\RXTXcomm.jar;lib\CC3000SensorAppGUI.jar
19:30:37 - E:\Data\TU-Sofia\Teaching\05 - Msht\Bachelor\Lab\Materiali_Za_Kursa_2018\MSHT_LAB\04_tools\CC3000_FRAM_Sensor_Application\jre\lib\ext;C:\Windows\Sun\Java\lib\ext
19:30:37 - E:\Data\TU-Sofia\Teaching\05 - Msht\Bachelor\Lab\Materiali_Za_Kursa_2018\MSHT_LAB\04_tools\CC3000_FRAM_Sensor_Application\jre
=== Debug Log === 
11:40:51 - x86
11:40:51 - Sun Microsystems Inc.
11:40:51 - 1.6.0_15
11:40:51 - lib\core.jar;lib\serial.jar;lib\RXTXcomm.jar;lib\CC3000SensorAppGUI.jar
11:40:51 - E:\Data\TU-Sofia\Teaching\05 - Msht\Bachelor\Lab\Materiali_Za_Kursa_2018\MSHT_LAB\04_tools\CC3000_FRAM_Sensor_Application\jre\lib\ext;C:\Windows\Sun\Java\lib\ext
11:40:51 - E:\Data\TU-Sofia\Teaching\05 - Msht\Bachelor\Lab\Materiali_Za_Kursa_2018\MSHT_LAB\04_tools\CC3000_FRAM_Sensor_Application\jre
=== Debug Log === 
11:46:27 - x86
11:46:27 - Sun Microsystems Inc.
11:46:27 - 1.6.0_15
11:46:27 - lib\core.jar;lib\serial.jar;lib\RXTXcomm.jar;lib\CC3000SensorAppGUI.jar
11:46:27 - E:\Data\TU-Sofia\Teaching\05 - Msht\Bachelor\Lab\Materiali_Za_Kursa_2018\MSHT_LAB\04_tools\CC3000_FRAM_Sensor_Application\jre\lib\ext;C:\Windows\Sun\Java\lib\ext
11:46:27 - E:\Data\TU-Sofia\Teaching\05 - Msht\Bachelor\Lab\Materiali_Za_Kursa_2018\MSHT_LAB\04_tools\CC3000_FRAM_Sensor_Application\jre
=== Debug Log === 
9:34:0 - x86
9:34:0 - Sun Microsystems Inc.
9:34:0 - 1.6.0_15
9:34:0 - lib\core.jar;lib\serial.jar;lib\RXTXcomm.jar;lib\CC3000SensorAppGUI.jar
9:34:0 - E:\Data\TU-Sofia\Teaching\05 - Msht\Bachelor\Lab\Materiali_Za_Kursa_2018\MSHT_LAB\04_tools\CC3000_FRAM_Sensor_Application\jre\lib\ext;C:\Windows\Sun\Java\lib\ext
9:34:0 - E:\Data\TU-Sofia\Teaching\05 - Msht\Bachelor\Lab\Materiali_Za_Kursa_2018\MSHT_LAB\04_tools\CC3000_FRAM_Sensor_Application\jre
=== Debug Log === 
=== Debug Log === 
10:40:23 - x86
10:40:23 - Sun Microsystems Inc.
10:40:23 - 1.6.0_15
10:40:23 - lib\core.jar;lib\serial.jar;lib\RXTXcomm.jar;lib\CC3000SensorAppGUI.jar
10:40:23 - E:\Data\TU-Sofia\Teaching\05-Msht\Bachelor\Lab\Materiali_Za_Kursa_2018\MSHT_LAB\04_tools\CC3000_FRAM_Sensor_Application\jre\lib\ext;C:\Windows\Sun\Java\lib\ext
10:40:23 - E:\Data\TU-Sofia\Teaching\05-Msht\Bachelor\Lab\Materiali_Za_Kursa_2018\MSHT_LAB\04_tools\CC3000_FRAM_Sensor_Application\jre
=== Debug Log === 
10:57:48 - x86
10:57:48 - Sun Microsystems Inc.
10:57:48 - 1.6.0_15
10:57:48 - lib\core.jar;lib\serial.jar;lib\RXTXcomm.jar;lib\CC3000SensorAppGUI.jar
10:57:48 - E:\Data\TU-Sofia\Teaching\05-Msht\Bachelor\Lab\Materiali_Za_Kursa_2018\MSHT_LAB\04_tools\CC3000_FRAM_Sensor_Application\jre\lib\ext;C:\Windows\Sun\Java\lib\ext
10:57:48 - E:\Data\TU-Sofia\Teaching\05-Msht\Bachelor\Lab\Materiali_Za_Kursa_2018\MSHT_LAB\04_tools\CC3000_FRAM_Sensor_Application\jre
=== Debug Log === 
16:27:27 - x86
16:27:27 - Sun Microsystems Inc.
16:27:27 - 1.6.0_15
16:27:27 - lib\core.jar;lib\serial.jar;lib\RXTXcomm.jar;lib\CC3000SensorAppGUI.jar
16:27:27 - E:\Data\TU-Sofia\Teaching\05-Msht\Bachelor\Lab\Materiali_Za_Kursa_2018\MSHT_LAB\04_tools\CC3000_FRAM_Sensor_Application\jre\lib\ext;C:\Windows\Sun\Java\lib\ext
16:27:27 - E:\Data\TU-Sofia\Teaching\05-Msht\Bachelor\Lab\Materiali_Za_Kursa_2018\MSHT_LAB\04_tools\CC3000_FRAM_Sensor_Application\jre
=== Debug Log === 
16:31:17 - x86
16:31:17 - Sun Microsystems Inc.
16:31:17 - 1.6.0_15
16:31:17 - lib\core.jar;lib\serial.jar;lib\RXTXcomm.jar;lib\CC3000SensorAppGUI.jar
16:31:17 - E:\Data\TU-Sofia\Teaching\05-Msht\Bachelor\Lab\Materiali_Za_Kursa_2018\MSHT_LAB\04_tools\CC3000_FRAM_Sensor_Application\jre\lib\ext;C:\Windows\Sun\Java\lib\ext
16:31:17 - E:\Data\TU-Sofia\Teaching\05-Msht\Bachelor\Lab\Materiali_Za_Kursa_2018\MSHT_LAB\04_tools\CC3000_FRAM_Sensor_Application\jre
=== Debug Log === 
15:2:6 - x86
15:2:6 - Sun Microsystems Inc.
15:2:6 - 1.6.0_15
15:2:6 - lib\core.jar;lib\serial.jar;lib\RXTXcomm.jar;lib\CC3000SensorAppGUI.jar
15:2:6 - E:\Data\TU-Sofia\Teaching\05-Msht\Bachelor\Lab\Materiali_Za_Kursa_2018\MSHT_LAB\04_tools\CC3000_FRAM_Sensor_Application\jre\lib\ext;C:\Windows\Sun\Java\lib\ext
15:2:6 - E:\Data\TU-Sofia\Teaching\05-Msht\Bachelor\Lab\Materiali_Za_Kursa_2018\MSHT_LAB\04_tools\CC3000_FRAM_Sensor_Application\jre
